<?xml version="1.0" encoding="UTF-8"?>
<testng-results ignored="0" total="2" passed="2" failed="0" skipped="0">
  <reporter-output>
  </reporter-output>
  <suite started-at="2023-05-08T06:37:53 IST" name="Default suite" finished-at="2023-05-08T06:38:13 IST" duration-ms="19090">
    <groups>
    </groups>
    <test started-at="2023-05-08T06:37:53 IST" name="Default test" finished-at="2023-05-08T06:38:13 IST" duration-ms="19090">
      <class name="com.rb.qa.testcases.CustomBusTest">
        <test-method is-config="true" signature="setup()[pri:0, instance:com.rb.qa.testcases.CustomBusTest@5e0826e7]" started-at="2023-05-08T06:37:54 IST" name="setup" finished-at="2023-05-08T06:38:00 IST" duration-ms="5569" status="PASS">
          <reporter-output>
          </reporter-output>
        </test-method> <!-- setup -->
        <test-method signature="custombuses(java.lang.String,java.lang.String)[pri:0, instance:com.rb.qa.testcases.CustomBusTest@5e0826e7]" started-at="2023-05-08T06:38:00 IST" name="custombuses" data-provider="getTestData" finished-at="2023-05-08T06:38:04 IST" duration-ms="4468" status="PASS">
          <params>
            <param index="0">
              <value>
                <![CDATA[AC]]>
              </value>
            </param>
            <param index="1">
              <value>
                <![CDATA[Avadi]]>
              </value>
            </param>
          </params>
          <reporter-output>
          </reporter-output>
        </test-method> <!-- custombuses -->
        <test-method is-config="true" signature="Teardown()[pri:0, instance:com.rb.qa.testcases.CustomBusTest@5e0826e7]" started-at="2023-05-08T06:38:04 IST" name="Teardown" finished-at="2023-05-08T06:38:05 IST" duration-ms="269" status="PASS">
          <reporter-output>
          </reporter-output>
        </test-method> <!-- Teardown -->
        <test-method is-config="true" signature="setup()[pri:0, instance:com.rb.qa.testcases.CustomBusTest@5e0826e7]" started-at="2023-05-08T06:38:05 IST" name="setup" finished-at="2023-05-08T06:38:09 IST" duration-ms="4012" status="PASS">
          <reporter-output>
          </reporter-output>
        </test-method> <!-- setup -->
        <test-method signature="custombuses(java.lang.String,java.lang.String)[pri:0, instance:com.rb.qa.testcases.CustomBusTest@5e0826e7]" started-at="2023-05-08T06:38:09 IST" name="custombuses" data-provider="getTestData" finished-at="2023-05-08T06:38:12 IST" duration-ms="3651" status="PASS">
          <params>
            <param index="0">
              <value>
                <![CDATA[AC]]>
              </value>
            </param>
            <param index="1">
              <value>
                <![CDATA[Avadi]]>
              </value>
            </param>
          </params>
          <reporter-output>
          </reporter-output>
        </test-method> <!-- custombuses -->
        <test-method is-config="true" signature="Teardown()[pri:0, instance:com.rb.qa.testcases.CustomBusTest@5e0826e7]" started-at="2023-05-08T06:38:12 IST" name="Teardown" finished-at="2023-05-08T06:38:13 IST" duration-ms="216" status="PASS">
          <reporter-output>
          </reporter-output>
        </test-method> <!-- Teardown -->
      </class> <!-- com.rb.qa.testcases.CustomBusTest -->
    </test> <!-- Default test -->
  </suite> <!-- Default suite -->
</testng-results>
